                                 Started job on |	Apr 29 11:18:44
                             Started mapping on |	Apr 29 11:19:05
                                    Finished on |	Apr 29 13:10:43
       Mapping speed, Million of reads per hour |	0.54

                          Number of input reads |	1000000
                      Average input read length |	300
                                    UNIQUE READS:
                   Uniquely mapped reads number |	34399
                        Uniquely mapped reads % |	3.44%
                          Average mapped length |	291.63
                       Number of splices: Total |	33623
            Number of splices: Annotated (sjdb) |	32312
                       Number of splices: GT/AG |	32767
                       Number of splices: GC/AG |	178
                       Number of splices: AT/AC |	3
               Number of splices: Non-canonical |	675
                      Mismatch rate per base, % |	0.98%
                         Deletion rate per base |	0.03%
                        Deletion average length |	2.65
                        Insertion rate per base |	0.04%
                       Insertion average length |	2.30
                             MULTI-MAPPING READS:
        Number of reads mapped to multiple loci |	1287
             % of reads mapped to multiple loci |	0.13%
        Number of reads mapped to too many loci |	6
             % of reads mapped to too many loci |	0.00%
                                  UNMAPPED READS:
       % of reads unmapped: too many mismatches |	0.00%
                 % of reads unmapped: too short |	93.57%
                     % of reads unmapped: other |	2.86%
                                  CHIMERIC READS:
                       Number of chimeric reads |	0
                            % of chimeric reads |	0.00%
