STAR version=STAR_2.5.4b
STAR compilation time,server,dir=<not set in Debian>
##### DEFAULT parameters:
versionSTAR                       20201
versionGenome                     20101   20200   
parametersFiles                   -   
sysShell                          -
runMode                           alignReads
runThreadN                        1
runDirPerm                        User_RWX
runRNGseed                        777
genomeDir                         ./GenomeDir/
genomeLoad                        NoSharedMemory
genomeFastaFiles                  -   
genomeChainFiles                  -   
genomeSAindexNbases               14
genomeChrBinNbits                 18
genomeSAsparseD                   1
genomeSuffixLengthMax             18446744073709551615
genomeFileSizes                   0   
genomeConsensusFile               -
readFilesType                     Fastx   
readFilesIn                       Read1   Read2   
readFilesPrefix                   -
readFilesCommand                  -   
readMatesLengthsIn                NotEqual
readMapNumber                     18446744073709551615
readNameSeparator                 /   
inputBAMfile                      -
bamRemoveDuplicatesType           -
bamRemoveDuplicatesMate2basesN    0
limitGenomeGenerateRAM            31000000000
limitIObufferSize                 150000000
limitOutSAMoneReadBytes           100000
limitOutSJcollapsed               1000000
limitOutSJoneRead                 1000
limitBAMsortRAM                   0
limitSjdbInsertNsj                1000000
outFileNamePrefix                 ./
outTmpDir                         -
outTmpKeep                        None
outStd                            Log
outReadsUnmapped                  None
outQSconversionAdd                0
outMultimapperOrder               Old_2.4
outSAMtype                        SAM   
outSAMmode                        Full
outSAMstrandField                 None
outSAMattributes                  Standard   
outSAMunmapped                    None   
outSAMorder                       Paired
outSAMprimaryFlag                 OneBestScore
outSAMreadID                      Standard
outSAMmapqUnique                  255
outSAMflagOR                      0
outSAMflagAND                     65535
outSAMattrRGline                  -   
outSAMheaderHD                    -   
outSAMheaderPG                    -   
outSAMheaderCommentFile           -
outBAMcompression                 1
outBAMsortingThreadN              0
outSAMfilter                      None   
outSAMmultNmax                    18446744073709551615
outSAMattrIHstart                 1
outSJfilterReads                  All
outSJfilterCountUniqueMin         3   1   1   1   
outSJfilterCountTotalMin          3   1   1   1   
outSJfilterOverhangMin            30   12   12   12   
outSJfilterDistToOtherSJmin       10   0   5   10   
outSJfilterIntronMaxVsReadN       50000   100000   200000   
outWigType                        None   
outWigStrand                      Stranded   
outWigReferencesPrefix            -
outWigNorm                        RPM   
outFilterType                     Normal
outFilterMultimapNmax             10
outFilterMultimapScoreRange       1
outFilterScoreMin                 0
outFilterScoreMinOverLread        0.66
outFilterMatchNmin                0
outFilterMatchNminOverLread       0.66
outFilterMismatchNmax             10
outFilterMismatchNoverLmax        0.3
outFilterMismatchNoverReadLmax    1
outFilterIntronMotifs             None
outFilterIntronStrands            RemoveInconsistentStrands
clip5pNbases                      0   
clip3pNbases                      0   
clip3pAfterAdapterNbases          0   
clip3pAdapterSeq                  -   
clip3pAdapterMMp                  0.1   
winBinNbits                       16
winAnchorDistNbins                9
winFlankNbins                     4
winAnchorMultimapNmax             50
winReadCoverageRelativeMin        0.5
winReadCoverageBasesMin           0
scoreGap                          0
scoreGapNoncan                    -8
scoreGapGCAG                      -4
scoreGapATAC                      -8
scoreStitchSJshift                1
scoreGenomicLengthLog2scale       -0.25
scoreDelBase                      -2
scoreDelOpen                      -2
scoreInsOpen                      -2
scoreInsBase                      -2
seedSearchLmax                    0
seedSearchStartLmax               50
seedSearchStartLmaxOverLread      1
seedPerReadNmax                   1000
seedPerWindowNmax                 50
seedNoneLociPerWindow             10
seedMultimapNmax                  10000
seedSplitMin                      12
alignIntronMin                    21
alignIntronMax                    0
alignMatesGapMax                  0
alignTranscriptsPerReadNmax       10000
alignSJoverhangMin                5
alignSJDBoverhangMin              3
alignSJstitchMismatchNmax         0   -1   0   0   
alignSplicedMateMapLmin           0
alignSplicedMateMapLminOverLmate    0.66
alignWindowsPerReadNmax           10000
alignTranscriptsPerWindowNmax     100
alignEndsType                     Local
alignSoftClipAtReferenceEnds      Yes
alignEndsProtrude                 0   ConcordantPair   
chimSegmentMin                    0
chimScoreMin                      0
chimScoreDropMax                  20
chimScoreSeparation               10
chimScoreJunctionNonGTAG          -1
chimMainSegmentMultNmax           10
chimJunctionOverhangMin           20
chimOutType                       SeparateSAMold   
chimFilter                        banGenomicN   
chimSegmentReadGapMax             0
sjdbFileChrStartEnd               -   
sjdbGTFfile                       -
sjdbGTFchrPrefix                  -
sjdbGTFfeatureExon                exon
sjdbGTFtagExonParentTranscript    transcript_id
sjdbGTFtagExonParentGene          gene_id
sjdbOverhang                      100
sjdbScore                         2
sjdbInsertSave                    Basic
quantMode                         -   
quantTranscriptomeBAMcompression    1
quantTranscriptomeBan             IndelSoftclipSingleend
twopass1readsN                    18446744073709551615
twopassMode                       None
##### Command Line:
STAR --runThreadN 1 --runMode genomeGenerate --genomeDir idx/ --genomeFastaFiles chr22_with_ERCC92.fa
##### Initial USER parameters from Command Line:
###### All USER parameters from Command Line:
runThreadN                    1     ~RE-DEFINED
runMode                       genomeGenerate     ~RE-DEFINED
genomeDir                     idx/     ~RE-DEFINED
genomeFastaFiles              chr22_with_ERCC92.fa        ~RE-DEFINED
##### Finished reading parameters from all sources

##### Final user re-defined parameters-----------------:
runMode                           genomeGenerate
runThreadN                        1
genomeDir                         idx/
genomeFastaFiles                  chr22_with_ERCC92.fa   

-------------------------------
##### Final effective command line:
STAR   --runMode genomeGenerate   --runThreadN 1   --genomeDir idx/   --genomeFastaFiles chr22_with_ERCC92.fa   

##### Final parameters after user input--------------------------------:
versionSTAR                       20201
versionGenome                     20101   20200   
parametersFiles                   -   
sysShell                          -
runMode                           genomeGenerate
runThreadN                        1
runDirPerm                        User_RWX
runRNGseed                        777
genomeDir                         idx/
genomeLoad                        NoSharedMemory
genomeFastaFiles                  chr22_with_ERCC92.fa   
genomeChainFiles                  -   
genomeSAindexNbases               14
genomeChrBinNbits                 18
genomeSAsparseD                   1
genomeSuffixLengthMax             18446744073709551615
genomeFileSizes                   0   
genomeConsensusFile               -
readFilesType                     Fastx   
readFilesIn                       Read1   Read2   
readFilesPrefix                   -
readFilesCommand                  -   
readMatesLengthsIn                NotEqual
readMapNumber                     18446744073709551615
readNameSeparator                 /   
inputBAMfile                      -
bamRemoveDuplicatesType           -
bamRemoveDuplicatesMate2basesN    0
limitGenomeGenerateRAM            31000000000
limitIObufferSize                 150000000
limitOutSAMoneReadBytes           100000
limitOutSJcollapsed               1000000
limitOutSJoneRead                 1000
limitBAMsortRAM                   0
limitSjdbInsertNsj                1000000
outFileNamePrefix                 ./
outTmpDir                         -
outTmpKeep                        None
outStd                            Log
outReadsUnmapped                  None
outQSconversionAdd                0
outMultimapperOrder               Old_2.4
outSAMtype                        SAM   
outSAMmode                        Full
outSAMstrandField                 None
outSAMattributes                  Standard   
outSAMunmapped                    None   
outSAMorder                       Paired
outSAMprimaryFlag                 OneBestScore
outSAMreadID                      Standard
outSAMmapqUnique                  255
outSAMflagOR                      0
outSAMflagAND                     65535
outSAMattrRGline                  -   
outSAMheaderHD                    -   
outSAMheaderPG                    -   
outSAMheaderCommentFile           -
outBAMcompression                 1
outBAMsortingThreadN              0
outSAMfilter                      None   
outSAMmultNmax                    18446744073709551615
outSAMattrIHstart                 1
outSJfilterReads                  All
outSJfilterCountUniqueMin         3   1   1   1   
outSJfilterCountTotalMin          3   1   1   1   
outSJfilterOverhangMin            30   12   12   12   
outSJfilterDistToOtherSJmin       10   0   5   10   
outSJfilterIntronMaxVsReadN       50000   100000   200000   
outWigType                        None   
outWigStrand                      Stranded   
outWigReferencesPrefix            -
outWigNorm                        RPM   
outFilterType                     Normal
outFilterMultimapNmax             10
outFilterMultimapScoreRange       1
outFilterScoreMin                 0
outFilterScoreMinOverLread        0.66
outFilterMatchNmin                0
outFilterMatchNminOverLread       0.66
outFilterMismatchNmax             10
outFilterMismatchNoverLmax        0.3
outFilterMismatchNoverReadLmax    1
outFilterIntronMotifs             None
outFilterIntronStrands            RemoveInconsistentStrands
clip5pNbases                      0   
clip3pNbases                      0   
clip3pAfterAdapterNbases          0   
clip3pAdapterSeq                  -   
clip3pAdapterMMp                  0.1   
winBinNbits                       16
winAnchorDistNbins                9
winFlankNbins                     4
winAnchorMultimapNmax             50
winReadCoverageRelativeMin        0.5
winReadCoverageBasesMin           0
scoreGap                          0
scoreGapNoncan                    -8
scoreGapGCAG                      -4
scoreGapATAC                      -8
scoreStitchSJshift                1
scoreGenomicLengthLog2scale       -0.25
scoreDelBase                      -2
scoreDelOpen                      -2
scoreInsOpen                      -2
scoreInsBase                      -2
seedSearchLmax                    0
seedSearchStartLmax               50
seedSearchStartLmaxOverLread      1
seedPerReadNmax                   1000
seedPerWindowNmax                 50
seedNoneLociPerWindow             10
seedMultimapNmax                  10000
seedSplitMin                      12
alignIntronMin                    21
alignIntronMax                    0
alignMatesGapMax                  0
alignTranscriptsPerReadNmax       10000
alignSJoverhangMin                5
alignSJDBoverhangMin              3
alignSJstitchMismatchNmax         0   -1   0   0   
alignSplicedMateMapLmin           0
alignSplicedMateMapLminOverLmate    0.66
alignWindowsPerReadNmax           10000
alignTranscriptsPerWindowNmax     100
alignEndsType                     Local
alignSoftClipAtReferenceEnds      Yes
alignEndsProtrude                 0   ConcordantPair   
chimSegmentMin                    0
chimScoreMin                      0
chimScoreDropMax                  20
chimScoreSeparation               10
chimScoreJunctionNonGTAG          -1
chimMainSegmentMultNmax           10
chimJunctionOverhangMin           20
chimOutType                       SeparateSAMold   
chimFilter                        banGenomicN   
chimSegmentReadGapMax             0
sjdbFileChrStartEnd               -   
sjdbGTFfile                       -
sjdbGTFchrPrefix                  -
sjdbGTFfeatureExon                exon
sjdbGTFtagExonParentTranscript    transcript_id
sjdbGTFtagExonParentGene          gene_id
sjdbOverhang                      100
sjdbScore                         2
sjdbInsertSave                    Basic
quantMode                         -   
quantTranscriptomeBAMcompression    1
quantTranscriptomeBan             IndelSoftclipSingleend
twopass1readsN                    18446744073709551615
twopassMode                       None
----------------------------------------

Finished loading and checking parameters
Apr 27 16:04:04 ... starting to generate Genome files
chr22_with_ERCC92.fa : chr # 0  "chr22" chrStart: 0
chr22_with_ERCC92.fa : chr # 1  "ERCC-00002" chrStart: 50855936
chr22_with_ERCC92.fa : chr # 2  "ERCC-00003" chrStart: 51118080
chr22_with_ERCC92.fa : chr # 3  "ERCC-00004" chrStart: 51380224
chr22_with_ERCC92.fa : chr # 4  "ERCC-00009" chrStart: 51642368
chr22_with_ERCC92.fa : chr # 5  "ERCC-00012" chrStart: 51904512
chr22_with_ERCC92.fa : chr # 6  "ERCC-00013" chrStart: 52166656
chr22_with_ERCC92.fa : chr # 7  "ERCC-00014" chrStart: 52428800
chr22_with_ERCC92.fa : chr # 8  "ERCC-00016" chrStart: 52690944
chr22_with_ERCC92.fa : chr # 9  "ERCC-00017" chrStart: 52953088
chr22_with_ERCC92.fa : chr # 10  "ERCC-00019" chrStart: 53215232
chr22_with_ERCC92.fa : chr # 11  "ERCC-00022" chrStart: 53477376
chr22_with_ERCC92.fa : chr # 12  "ERCC-00024" chrStart: 53739520
chr22_with_ERCC92.fa : chr # 13  "ERCC-00025" chrStart: 54001664
chr22_with_ERCC92.fa : chr # 14  "ERCC-00028" chrStart: 54263808
chr22_with_ERCC92.fa : chr # 15  "ERCC-00031" chrStart: 54525952
chr22_with_ERCC92.fa : chr # 16  "ERCC-00033" chrStart: 54788096
chr22_with_ERCC92.fa : chr # 17  "ERCC-00034" chrStart: 55050240
chr22_with_ERCC92.fa : chr # 18  "ERCC-00035" chrStart: 55312384
chr22_with_ERCC92.fa : chr # 19  "ERCC-00039" chrStart: 55574528
chr22_with_ERCC92.fa : chr # 20  "ERCC-00040" chrStart: 55836672
chr22_with_ERCC92.fa : chr # 21  "ERCC-00041" chrStart: 56098816
chr22_with_ERCC92.fa : chr # 22  "ERCC-00042" chrStart: 56360960
chr22_with_ERCC92.fa : chr # 23  "ERCC-00043" chrStart: 56623104
chr22_with_ERCC92.fa : chr # 24  "ERCC-00044" chrStart: 56885248
chr22_with_ERCC92.fa : chr # 25  "ERCC-00046" chrStart: 57147392
chr22_with_ERCC92.fa : chr # 26  "ERCC-00048" chrStart: 57409536
chr22_with_ERCC92.fa : chr # 27  "ERCC-00051" chrStart: 57671680
chr22_with_ERCC92.fa : chr # 28  "ERCC-00053" chrStart: 57933824
chr22_with_ERCC92.fa : chr # 29  "ERCC-00054" chrStart: 58195968
chr22_with_ERCC92.fa : chr # 30  "ERCC-00057" chrStart: 58458112
chr22_with_ERCC92.fa : chr # 31  "ERCC-00058" chrStart: 58720256
chr22_with_ERCC92.fa : chr # 32  "ERCC-00059" chrStart: 58982400
chr22_with_ERCC92.fa : chr # 33  "ERCC-00060" chrStart: 59244544
chr22_with_ERCC92.fa : chr # 34  "ERCC-00061" chrStart: 59506688
chr22_with_ERCC92.fa : chr # 35  "ERCC-00062" chrStart: 59768832
chr22_with_ERCC92.fa : chr # 36  "ERCC-00067" chrStart: 60030976
chr22_with_ERCC92.fa : chr # 37  "ERCC-00069" chrStart: 60293120
chr22_with_ERCC92.fa : chr # 38  "ERCC-00071" chrStart: 60555264
chr22_with_ERCC92.fa : chr # 39  "ERCC-00073" chrStart: 60817408
chr22_with_ERCC92.fa : chr # 40  "ERCC-00074" chrStart: 61079552
chr22_with_ERCC92.fa : chr # 41  "ERCC-00075" chrStart: 61341696
chr22_with_ERCC92.fa : chr # 42  "ERCC-00076" chrStart: 61603840
chr22_with_ERCC92.fa : chr # 43  "ERCC-00077" chrStart: 61865984
chr22_with_ERCC92.fa : chr # 44  "ERCC-00078" chrStart: 62128128
chr22_with_ERCC92.fa : chr # 45  "ERCC-00079" chrStart: 62390272
chr22_with_ERCC92.fa : chr # 46  "ERCC-00081" chrStart: 62652416
chr22_with_ERCC92.fa : chr # 47  "ERCC-00083" chrStart: 62914560
chr22_with_ERCC92.fa : chr # 48  "ERCC-00084" chrStart: 63176704
chr22_with_ERCC92.fa : chr # 49  "ERCC-00085" chrStart: 63438848
chr22_with_ERCC92.fa : chr # 50  "ERCC-00086" chrStart: 63700992
chr22_with_ERCC92.fa : chr # 51  "ERCC-00092" chrStart: 63963136
chr22_with_ERCC92.fa : chr # 52  "ERCC-00095" chrStart: 64225280
chr22_with_ERCC92.fa : chr # 53  "ERCC-00096" chrStart: 64487424
chr22_with_ERCC92.fa : chr # 54  "ERCC-00097" chrStart: 64749568
chr22_with_ERCC92.fa : chr # 55  "ERCC-00098" chrStart: 65011712
chr22_with_ERCC92.fa : chr # 56  "ERCC-00099" chrStart: 65273856
chr22_with_ERCC92.fa : chr # 57  "ERCC-00104" chrStart: 65536000
chr22_with_ERCC92.fa : chr # 58  "ERCC-00108" chrStart: 65798144
chr22_with_ERCC92.fa : chr # 59  "ERCC-00109" chrStart: 66060288
chr22_with_ERCC92.fa : chr # 60  "ERCC-00111" chrStart: 66322432
chr22_with_ERCC92.fa : chr # 61  "ERCC-00112" chrStart: 66584576
chr22_with_ERCC92.fa : chr # 62  "ERCC-00113" chrStart: 66846720
chr22_with_ERCC92.fa : chr # 63  "ERCC-00116" chrStart: 67108864
chr22_with_ERCC92.fa : chr # 64  "ERCC-00117" chrStart: 67371008
chr22_with_ERCC92.fa : chr # 65  "ERCC-00120" chrStart: 67633152
chr22_with_ERCC92.fa : chr # 66  "ERCC-00123" chrStart: 67895296
chr22_with_ERCC92.fa : chr # 67  "ERCC-00126" chrStart: 68157440
chr22_with_ERCC92.fa : chr # 68  "ERCC-00130" chrStart: 68419584
chr22_with_ERCC92.fa : chr # 69  "ERCC-00131" chrStart: 68681728
chr22_with_ERCC92.fa : chr # 70  "ERCC-00134" chrStart: 68943872
chr22_with_ERCC92.fa : chr # 71  "ERCC-00136" chrStart: 69206016
chr22_with_ERCC92.fa : chr # 72  "ERCC-00137" chrStart: 69468160
chr22_with_ERCC92.fa : chr # 73  "ERCC-00138" chrStart: 69730304
chr22_with_ERCC92.fa : chr # 74  "ERCC-00142" chrStart: 69992448
chr22_with_ERCC92.fa : chr # 75  "ERCC-00143" chrStart: 70254592
chr22_with_ERCC92.fa : chr # 76  "ERCC-00144" chrStart: 70516736
chr22_with_ERCC92.fa : chr # 77  "ERCC-00145" chrStart: 70778880
chr22_with_ERCC92.fa : chr # 78  "ERCC-00147" chrStart: 71041024
chr22_with_ERCC92.fa : chr # 79  "ERCC-00148" chrStart: 71303168
chr22_with_ERCC92.fa : chr # 80  "ERCC-00150" chrStart: 71565312
chr22_with_ERCC92.fa : chr # 81  "ERCC-00154" chrStart: 71827456
chr22_with_ERCC92.fa : chr # 82  "ERCC-00156" chrStart: 72089600
chr22_with_ERCC92.fa : chr # 83  "ERCC-00157" chrStart: 72351744
chr22_with_ERCC92.fa : chr # 84  "ERCC-00158" chrStart: 72613888
chr22_with_ERCC92.fa : chr # 85  "ERCC-00160" chrStart: 72876032
chr22_with_ERCC92.fa : chr # 86  "ERCC-00162" chrStart: 73138176
chr22_with_ERCC92.fa : chr # 87  "ERCC-00163" chrStart: 73400320
chr22_with_ERCC92.fa : chr # 88  "ERCC-00164" chrStart: 73662464
chr22_with_ERCC92.fa : chr # 89  "ERCC-00165" chrStart: 73924608
chr22_with_ERCC92.fa : chr # 90  "ERCC-00168" chrStart: 74186752
chr22_with_ERCC92.fa : chr # 91  "ERCC-00170" chrStart: 74448896
chr22_with_ERCC92.fa : chr # 92  "ERCC-00171" chrStart: 74711040
Number of SA indices: 78485064
Apr 27 16:04:07 ... starting to sort Suffix Array. This may take a long time...
Number of chunks: 1;   chunks size limit: 18510020176 bytes
Apr 27 16:04:08 ... sorting Suffix Array chunks and saving them to disk...
Writing 627880512 bytes into idx//SA_0 ; empty space on disk = 9623175168 bytes ... done
Apr 27 16:05:17 ... loading chunks from disk, packing SA...
Apr 27 16:05:19 ... finished generating suffix array
Apr 27 16:05:19 ... generating Suffix Array index
Apr 27 16:05:39 ... completed Suffix Array index
Apr 27 16:05:39 ... writing Genome to disk ...
Writing 74973184 bytes into idx//Genome ; empty space on disk = 9623138304 bytes ... done
SA size in bytes: 323750892
Apr 27 16:05:39 ... writing Suffix Array to disk ...
Writing 323750892 bytes into idx//SA ; empty space on disk = 9548165120 bytes ... done
Apr 27 16:05:39 ... writing SAindex to disk
Writing 8 bytes into idx//SAindex ; empty space on disk = 9224413184 bytes ... done
Writing 120 bytes into idx//SAindex ; empty space on disk = 9224413184 bytes ... done
Writing 1565873491 bytes into idx//SAindex ; empty space on disk = 9224409088 bytes ... done
Apr 27 16:06:00 ..... finished successfully
DONE: Genome generation, EXITING
